<?xml version="1.0" encoding="UTF-8" ?>

<testsuite failures="0" time="0.054" errors="0" skipped="0" tests="2" name="BasicTest">
  <testcase classname="BasicTest" name="createAndRetrieveUser" time="0.002">
      </testcase>
  <testcase classname="BasicTest" name="fullTest" time="0.052">
      </testcase>
</testsuite>
